Arguments: 
  /Users/tianmi/.nvm/versions/node/v11.10.1/bin/node /usr/local/bin/yarn install

PATH: 
  /Users/tianmi/.rvm/gems/ruby-2.6.3/bin:/Users/tianmi/.rvm/gems/ruby-2.6.3@global/bin:/Users/tianmi/.rvm/rubies/ruby-2.6.3/bin:/Users/tianmi/.nvm/versions/node/v11.10.1/bin:/usr/local/bin:/usr/bin:/bin:/usr/sbin:/sbin:/Users/tianmi/.rvm/gems/ruby-2.6.3/bin:/Users/tianmi/.rvm/gems/ruby-2.6.3@global/bin:/Users/tianmi/.rvm/rubies/ruby-2.6.3/bin:/Users/tianmi/.nvm/versions/node/v11.10.1/bin:/Users/tianmi/Library/Android/sdk/platform-tools:/Users/tianmi/.rvm/bin:/Users/tianmi/Library/Android/sdk/platform-tools

Yarn version: 
  1.9.4

Node version: 
  11.10.1

Platform: 
  darwin x64

Trace: 
  Error: http://localhost:4873/@babel%2fgenerator: ESOCKETTIMEDOUT
      at ClientRequest.<anonymous> (/usr/local/lib/node_modules/yarn/lib/cli.js:138095:19)
      at Object.onceWrapper (events.js:285:13)
      at ClientRequest.emit (events.js:197:13)
      at Socket.emitRequestTimeout (_http_client.js:669:40)
      at Object.onceWrapper (events.js:285:13)
      at Socket.emit (events.js:197:13)
      at Socket._onTimeout (net.js:447:8)
      at listOnTimeout (timers.js:327:15)
      at processTimers (timers.js:271:5)

npm manifest: 
  {
    "name": "pyramid-cli",
    "version": "0.1.0",
    "description": "Pyramid脚手架工具",
    "bin": {
      "pyramid": "bin/pyramid.js"
    },
    "scripts": {
      "test": "echo \"Error: no test specified\" && exit 1"
    },
    "author": "YS",
    "license": "ISC",
    "dependencies": {
      "@babel/generator": "7.4.4",
      "@babel/parser": "7.4.5",
      "@babel/traverse": "7.4.5",
      "@babel/types": "7.4.4",
      "chalk": "^2.4.2",
      "co": "^4.6.0",
      "co-prompt": "^1.0.0",
      "commander": "^4.0.0",
      "download-git-repo": "^3.0.2",
      "fs-jetpack": "^2.2.3",
      "handlebars": "^4.5.1",
      "inquirer": "^7.0.0",
      "log-symbols": "^3.0.0",
      "metalsmith": "^2.3.0",
      "ora": "^4.0.2",
      "prettier": "1.18.2",
      "rimraf": "^3.0.0"
    }
  }

yarn manifest: 
  No manifest

Lockfile: 
  No lockfile
